<?xml version="1.0" encoding="UTF-8"?>
<testsuite name="IntegrationTests" tests="5" skipped="0" failures="0" errors="0" timestamp="2022-11-14T22:00:12" hostname="DESKTOP-6OP949O" time="0.025">
  <properties/>
  <testcase name="testNorth()" classname="IntegrationTests" time="0.02"/>
  <testcase name="testSouth()" classname="IntegrationTests" time="0.001"/>
  <testcase name="testEast()" classname="IntegrationTests" time="0.001"/>
  <testcase name="testWest()" classname="IntegrationTests" time="0.001"/>
  <testcase name="mapTest()" classname="IntegrationTests" time="0.002"/>
  <system-out><![CDATA[]]></system-out>
  <system-err><![CDATA[]]></system-err>
</testsuite>
