<?xml version="1.0" encoding="UTF-8"?>
<testsuite name="MapTests" tests="4" skipped="0" failures="0" errors="0" timestamp="2022-12-05T14:09:19" hostname="DESKTOP-L8AV1O7" time="0.048">
  <properties/>
  <testcase name="objectAtTest()" classname="MapTests" time="0.036"/>
  <testcase name="isOccupiedTest()" classname="MapTests" time="0.003"/>
  <testcase name="canMoveToTest()" classname="MapTests" time="0.002"/>
  <testcase name="placeTest()" classname="MapTests" time="0.001"/>
  <system-out><![CDATA[]]></system-out>
  <system-err><![CDATA[]]></system-err>
</testsuite>
