<?xml version="1.0" encoding="UTF-8"?>
<testsuite name="IntegrationTests" tests="4" skipped="0" failures="0" errors="0" timestamp="2022-11-05T22:32:01" hostname="DESKTOP-L8AV1O7" time="0.052">
  <properties/>
  <testcase name="testNorth()" classname="IntegrationTests" time="0.041"/>
  <testcase name="testSouth()" classname="IntegrationTests" time="0.003"/>
  <testcase name="testEast()" classname="IntegrationTests" time="0.002"/>
  <testcase name="testWest()" classname="IntegrationTests" time="0.001"/>
  <system-out><![CDATA[]]></system-out>
  <system-err><![CDATA[]]></system-err>
</testsuite>
