<?xml version="1.0" encoding="UTF-8"?>
<testsuite name="Vector2dTest" tests="9" skipped="0" failures="0" errors="0" timestamp="2022-10-23T19:44:01" hostname="DESKTOP-L8AV1O7" time="0.09">
  <properties/>
  <testcase name="upperRightTest()" classname="Vector2dTest" time="0.032"/>
  <testcase name="addTest()" classname="Vector2dTest" time="0.004"/>
  <testcase name="precedesTest()" classname="Vector2dTest" time="0.005"/>
  <testcase name="oppositeTest()" classname="Vector2dTest" time="0.002"/>
  <testcase name="lowerLeftTest()" classname="Vector2dTest" time="0.004"/>
  <testcase name="equalsTest()" classname="Vector2dTest" time="0.002"/>
  <testcase name="toStringTest()" classname="Vector2dTest" time="0.017"/>
  <testcase name="subtractTest()" classname="Vector2dTest" time="0.002"/>
  <testcase name="followsTest()" classname="Vector2dTest" time="0.002"/>
  <system-out><![CDATA[]]></system-out>
  <system-err><![CDATA[]]></system-err>
</testsuite>
